<?xml version="1.0" encoding="UTF-8"?>
<!-- Generated by org.testng.reporters.JUnitReportReporter -->
<testsuite hostname="ZSCHN01LP0407" failures="1" tests="5" name="tests.web.ECSScripts" time="545.086" errors="0" timestamp="2025-08-14T18:33:33 IST" skipped="2">
  <testcase classname="tests.web.ECSScripts" name="TC05_navigateToStatementsPage" time="138.390"/>
  <testcase classname="tests.web.ECSScripts" name="TC03_navigateToMakeAPaymentPage" time="143.984"/>
  <testcase classname="tests.web.ECSScripts" name="TC04_navigateToAutoPayPage" time="101.947">
    <failure message="Make Payment Page not loaded" type="java.lang.AssertionError">
      <![CDATA[java.lang.AssertionError: Make Payment Page not loaded
at org.testng.Assert.fail(Assert.java:111)
at app.web.ECS.ECSMakePaymentPage.validateMakePaymentPageDisplayed(ECSMakePaymentPage.java:48)
at tests.web.ECSScripts.TC04_navigateToAutoPayPage(ECSScripts.java:79)
at java.base/jdk.internal.reflect.NativeMethodAccessorImpl.invoke0(Native Method)
at java.base/jdk.internal.reflect.NativeMethodAccessorImpl.invoke(NativeMethodAccessorImpl.java:77)
at java.base/jdk.internal.reflect.DelegatingMethodAccessorImpl.invoke(DelegatingMethodAccessorImpl.java:43)
at java.base/java.lang.reflect.Method.invoke(Method.java:568)
at org.testng.internal.invokers.MethodInvocationHelper.invokeMethod(MethodInvocationHelper.java:139)
at org.testng.internal.invokers.TestInvoker.invokeMethod(TestInvoker.java:664)
at org.testng.internal.invokers.TestInvoker.retryFailed(TestInvoker.java:248)
at org.testng.internal.invokers.TestMethodWithDataProviderMethodWorker.call(TestMethodWithDataProviderMethodWorker.java:103)
at org.testng.internal.invokers.TestMethodWithDataProviderMethodWorker.call(TestMethodWithDataProviderMethodWorker.java:17)
at java.base/java.util.concurrent.FutureTask.run(FutureTask.java:264)
at java.base/java.util.concurrent.Executors$RunnableAdapter.call(Executors.java:539)
at java.base/java.util.concurrent.FutureTask.run(FutureTask.java:264)
at java.base/java.util.concurrent.ThreadPoolExecutor.runWorker(ThreadPoolExecutor.java:1136)
at java.base/java.util.concurrent.ThreadPoolExecutor$Worker.run(ThreadPoolExecutor.java:635)
at java.base/java.lang.Thread.run(Thread.java:833)
]]>
    </failure>
  </testcase> <!-- TC04_navigateToAutoPayPage -->
  <testcase classname="tests.web.ECSScripts" name="TC04_navigateToAutoPayPage" time="86.749">
    <skipped/>
  </testcase> <!-- TC04_navigateToAutoPayPage -->
  <testcase classname="tests.web.ECSScripts" name="TC04_navigateToAutoPayPage" time="74.016">
    <skipped/>
  </testcase> <!-- TC04_navigateToAutoPayPage -->
</testsuite> <!-- tests.web.ECSScripts -->
