<?xml version="1.0" encoding="UTF-8"?>
<!-- Generated by org.testng.reporters.JUnitReportReporter -->
<testsuite hostname="ZSCHN01LP0407" failures="0" tests="5" name="tests.api.SampleAPI" time="20.165" errors="0" timestamp="2025-08-06T15:54:45 IST" skipped="0">
  <testcase classname="tests.api.SampleAPI" name="TC02_PostSomeData" time="5.145"/>
  <testcase classname="tests.api.SampleAPI" name="TC02_PostSomeData" time="5.146"/>
  <testcase classname="tests.api.SampleAPI" name="TC01_GetSomeData" time="4.253"/>
  <testcase classname="tests.api.SampleAPI" name="TC02_PostSomeData" time="5.147"/>
  <testcase classname="tests.api.SampleAPI" name="TC03_PutSomeData" time="0.474"/>
</testsuite> <!-- tests.api.SampleAPI -->
