<?xml version="1.0" encoding="UTF-8"?>
<!-- Generated by org.testng.reporters.JUnitReportReporter -->
<testsuite hostname="ZSCHN01LP0407" failures="0" tests="3" name="tests.web.ECSScripts" time="161.105" errors="0" timestamp="2025-08-06T20:18:33 IST" skipped="0">
  <testcase classname="tests.web.ECSScripts" name="TC05_navigateToStatementsPage" time="52.780"/>
  <testcase classname="tests.web.ECSScripts" name="TC04_navigateToAutoPayPage" time="54.462"/>
  <testcase classname="tests.web.ECSScripts" name="TC03_navigateToMakeAPaymentPage" time="53.863"/>
</testsuite> <!-- tests.web.ECSScripts -->
