<?xml version="1.0" encoding="UTF-8"?>
<!-- Generated by org.testng.reporters.JUnitReportReporter -->
<testsuite hostname="ZSCHN01LP0407" failures="0" tests="2" name="ECS.Scripts.loginToHomePage" time="39.299" errors="0" timestamp="24 Jul 2025 05:51:05 GMT" skipped="0">
  <testcase classname="ECS.Scripts.loginToHomePage" name="logInToECSWithValidID" time="26.084"/>
  <testcase classname="ECS.Scripts.loginToHomePage" name="logInToECSWithInvalidID" time="13.215"/>
</testsuite> <!-- ECS.Scripts.loginToHomePage -->
