<?xml version="1.0" encoding="UTF-8"?>
<!-- Generated by org.testng.reporters.JUnitReportReporter -->
<testsuite hostname="ZSCHN01LP0407" failures="0" tests="2" name="tests.web.ECSScripts" time="51.625" errors="0" timestamp="2025-07-31T16:11:59 IST" skipped="0">
  <testcase classname="tests.web.ECSScripts" name="TC05_navigateToStatementsPage" time="25.231"/>
  <testcase classname="tests.web.ECSScripts" name="TC03_navigateToMakeAPaymentPage" time="26.394"/>
</testsuite> <!-- tests.web.ECSScripts -->
