<?xml version="1.0" encoding="UTF-8"?>
<!-- Generated by org.testng.reporters.JUnitReportReporter -->
<testsuite hostname="ZSCHN01LP0407" failures="0" tests="5" name="tests.web.ECSScripts" time="388.451" errors="0" timestamp="2025-07-30T17:15:57 IST" skipped="0">
  <testcase classname="tests.web.ECSScripts" name="TC03_navigateToMakeAPaymentPage" time="90.639"/>
  <testcase classname="tests.web.ECSScripts" name="TC02_logInToECSWithInvalidID" time="22.628"/>
  <testcase classname="tests.web.ECSScripts" name="TC04_navigateToAutoPayPage" time="95.099"/>
  <testcase classname="tests.web.ECSScripts" name="TC05_navigateToStatementsPage" time="90.665"/>
  <testcase classname="tests.web.ECSScripts" name="TC01_logInToECSWithValidID" time="89.420"/>
</testsuite> <!-- tests.web.ECSScripts -->
